Namespace(data_root='/content/drive/MyDrive/School/ECE324/code/data', 
          manifest_csv='/content/drive/MyDrive/School/ECE324/code/ssl_split_manifest.csv', 
          in_channels=4, num_classes=5, base=32, batch_size=4, num_workers=2, seed=42, pretrain_epochs=20, 
          finetune_epochs=30, pretrain_lr=0.001, finetune_lr=0.001, w_ce=0.5, w_dice=0.5, mask_ratio=0.5, 
          patch_size=16, pretext_task='cross_modal', 
          output_dir='/content/drive/MyDrive/School/ECE324/code/outputs/ssl_unet2d_colab')

Device: cuda
Pretext task: cross_modal
Dataset sizes: pretrain_train=1969 pretrain_val=429 finetune_train=385 val=429 test=429
Pretrain [train]: 100%|██████████| 493/493 [08:32<00:00,  1.04s/it]
Pretrain [val]: 100%|██████████| 108/108 [02:41<00:00,  1.50s/it]
Pretrain epoch 1: train_loss=0.1933 val_loss=0.1854
Pretrain [train]: 100%|██████████| 493/493 [00:55<00:00,  8.84it/s]
Pretrain [val]: 100%|██████████| 108/108 [00:06<00:00, 16.51it/s]
Pretrain epoch 2: train_loss=0.1611 val_loss=0.1763
Pretrain [train]: 100%|██████████| 493/493 [00:56<00:00,  8.70it/s]
Pretrain [val]: 100%|██████████| 108/108 [00:08<00:00, 13.37it/s]
Pretrain epoch 3: train_loss=0.1468 val_loss=0.1487
Pretrain [train]: 100%|██████████| 493/493 [00:57<00:00,  8.58it/s]
Pretrain [val]: 100%|██████████| 108/108 [00:06<00:00, 16.99it/s]
Pretrain epoch 4: train_loss=0.1382 val_loss=0.1432
Pretrain [train]: 100%|██████████| 493/493 [00:56<00:00,  8.73it/s]
Pretrain [val]: 100%|██████████| 108/108 [00:06<00:00, 16.80it/s]
Pretrain epoch 5: train_loss=0.1321 val_loss=0.1390
Pretrain [train]: 100%|██████████| 493/493 [00:56<00:00,  8.66it/s]
Pretrain [val]: 100%|██████████| 108/108 [00:07<00:00, 14.84it/s]
Pretrain epoch 6: train_loss=0.1282 val_loss=0.1343
Pretrain [train]: 100%|██████████| 493/493 [00:57<00:00,  8.58it/s]
Pretrain [val]: 100%|██████████| 108/108 [00:06<00:00, 16.38it/s]
Pretrain epoch 7: train_loss=0.1244 val_loss=0.1358
Pretrain [train]: 100%|██████████| 493/493 [00:54<00:00,  8.97it/s]
Pretrain [val]: 100%|██████████| 108/108 [00:06<00:00, 16.60it/s]
Pretrain epoch 8: train_loss=0.1202 val_loss=0.1324
Pretrain [train]: 100%|██████████| 493/493 [00:56<00:00,  8.67it/s]
Pretrain [val]: 100%|██████████| 108/108 [00:07<00:00, 13.76it/s]
Pretrain epoch 9: train_loss=0.1188 val_loss=0.1210
Pretrain [train]: 100%|██████████| 493/493 [00:56<00:00,  8.69it/s]
Pretrain [val]: 100%|██████████| 108/108 [00:07<00:00, 14.31it/s]
Pretrain epoch 10: train_loss=0.1163 val_loss=0.1253
Pretrain [train]: 100%|██████████| 493/493 [00:55<00:00,  8.93it/s]
Pretrain [val]: 100%|██████████| 108/108 [00:06<00:00, 17.03it/s]
Pretrain epoch 11: train_loss=0.1138 val_loss=0.1162
Pretrain [train]: 100%|██████████| 493/493 [00:56<00:00,  8.71it/s]
Pretrain [val]: 100%|██████████| 108/108 [00:07<00:00, 14.79it/s]
Pretrain epoch 12: train_loss=0.1120 val_loss=0.1264
Pretrain [train]: 100%|██████████| 493/493 [00:54<00:00,  9.01it/s]
Pretrain [val]: 100%|██████████| 108/108 [00:08<00:00, 13.49it/s]
Pretrain epoch 13: train_loss=0.1119 val_loss=0.1199
Pretrain [train]: 100%|██████████| 493/493 [00:54<00:00,  8.97it/s]
Pretrain [val]: 100%|██████████| 108/108 [00:07<00:00, 14.16it/s]
Pretrain epoch 14: train_loss=0.1102 val_loss=0.1130
Pretrain [train]: 100%|██████████| 493/493 [00:57<00:00,  8.57it/s]
Pretrain [val]: 100%|██████████| 108/108 [00:06<00:00, 16.89it/s]
Pretrain epoch 15: train_loss=0.1085 val_loss=0.1125
Pretrain [train]: 100%|██████████| 493/493 [00:56<00:00,  8.66it/s]
Pretrain [val]: 100%|██████████| 108/108 [00:08<00:00, 12.59it/s]
Pretrain epoch 16: train_loss=0.1069 val_loss=0.1117
Pretrain [train]: 100%|██████████| 493/493 [00:58<00:00,  8.46it/s]
Pretrain [val]: 100%|██████████| 108/108 [00:06<00:00, 16.71it/s]
Pretrain epoch 17: train_loss=0.1065 val_loss=0.1111
Pretrain [train]: 100%|██████████| 493/493 [00:57<00:00,  8.61it/s]
Pretrain [val]: 100%|██████████| 108/108 [00:07<00:00, 13.89it/s]
Pretrain epoch 18: train_loss=0.1056 val_loss=0.1087
Pretrain [train]: 100%|██████████| 493/493 [00:58<00:00,  8.45it/s]
Pretrain [val]: 100%|██████████| 108/108 [00:06<00:00, 15.86it/s]
Pretrain epoch 19: train_loss=0.1050 val_loss=0.1107
Pretrain [train]: 100%|██████████| 493/493 [00:55<00:00,  8.92it/s]
Pretrain [val]: 100%|██████████| 108/108 [00:06<00:00, 16.84it/s]
Pretrain epoch 20: train_loss=0.1038 val_loss=0.1066
Starting supervised fine-tuning on labeled training cases only.
Finetune [train]: 100%|██████████| 97/97 [00:08<00:00, 10.97it/s]
Segmentation [eval]: 100%|██████████| 108/108 [00:07<00:00, 14.73it/s]
Finetune epoch 1: train_loss=0.8147 loss=0.5752 mean_dice=0.5916 ET=0.3230 NET=0.6113 CC=0.6372 ED=0.7949
Finetune [train]: 100%|██████████| 97/97 [00:08<00:00, 11.24it/s]
Segmentation [eval]: 100%|██████████| 108/108 [00:05<00:00, 20.38it/s]
Finetune epoch 2: train_loss=0.4743 loss=0.4515 mean_dice=0.5483 ET=0.5279 NET=0.6261 CC=0.4895 ED=0.5497
Finetune [train]: 100%|██████████| 97/97 [00:08<00:00, 11.49it/s]
Segmentation [eval]: 100%|██████████| 108/108 [00:05<00:00, 21.21it/s]
Finetune epoch 3: train_loss=0.3694 loss=0.4556 mean_dice=0.4719 ET=0.5471 NET=0.3999 CC=0.6441 ED=0.2965
Finetune [train]: 100%|██████████| 97/97 [00:08<00:00, 11.49it/s]
Segmentation [eval]: 100%|██████████| 108/108 [00:05<00:00, 21.07it/s]
Finetune epoch 4: train_loss=0.2939 loss=0.4215 mean_dice=0.4530 ET=0.5317 NET=0.5802 CC=0.5922 ED=0.1080
Finetune [train]: 100%|██████████| 97/97 [00:08<00:00, 11.54it/s]
Segmentation [eval]: 100%|██████████| 108/108 [00:05<00:00, 21.08it/s]
Finetune epoch 5: train_loss=0.2666 loss=0.3898 mean_dice=0.5782 ET=0.6451 NET=0.5778 CC=0.6517 ED=0.4384
Finetune [train]: 100%|██████████| 97/97 [00:08<00:00, 11.52it/s]
Segmentation [eval]: 100%|██████████| 108/108 [00:05<00:00, 20.67it/s]
Finetune epoch 6: train_loss=0.2398 loss=0.3875 mean_dice=0.5788 ET=0.5341 NET=0.6341 CC=0.6301 ED=0.5170
Finetune [train]: 100%|██████████| 97/97 [00:08<00:00, 11.59it/s]
Segmentation [eval]: 100%|██████████| 108/108 [00:05<00:00, 19.69it/s]
Finetune epoch 7: train_loss=0.2229 loss=0.4230 mean_dice=0.6166 ET=0.5113 NET=0.6436 CC=0.6687 ED=0.6431
Finetune [train]: 100%|██████████| 97/97 [00:08<00:00, 11.48it/s]
Segmentation [eval]: 100%|██████████| 108/108 [00:07<00:00, 13.85it/s]
Finetune epoch 8: train_loss=0.2055 loss=0.3898 mean_dice=0.6189 ET=0.6018 NET=0.6668 CC=0.6689 ED=0.5383
Finetune [train]: 100%|██████████| 97/97 [00:08<00:00, 11.33it/s]
Segmentation [eval]: 100%|██████████| 108/108 [00:07<00:00, 15.02it/s]
Finetune epoch 9: train_loss=0.1878 loss=0.4673 mean_dice=0.3464 ET=0.3451 NET=0.4185 CC=0.1257 ED=0.4962
Finetune [train]: 100%|██████████| 97/97 [00:08<00:00, 11.47it/s]
Segmentation [eval]: 100%|██████████| 108/108 [00:05<00:00, 21.41it/s]
Finetune epoch 10: train_loss=0.2284 loss=0.3916 mean_dice=0.5243 ET=0.5195 NET=0.6128 CC=0.5482 ED=0.4166
Finetune [train]: 100%|██████████| 97/97 [00:08<00:00, 11.58it/s]
Segmentation [eval]: 100%|██████████| 108/108 [00:05<00:00, 20.83it/s]
Finetune epoch 11: train_loss=0.1971 loss=0.3924 mean_dice=0.6520 ET=0.5807 NET=0.6515 CC=0.6407 ED=0.7351
Finetune [train]: 100%|██████████| 97/97 [00:08<00:00, 11.30it/s]
Segmentation [eval]: 100%|██████████| 108/108 [00:07<00:00, 14.63it/s]
Finetune epoch 12: train_loss=0.1822 loss=0.4046 mean_dice=0.5638 ET=0.5800 NET=0.6295 CC=0.6470 ED=0.3987
Finetune [train]: 100%|██████████| 97/97 [00:08<00:00, 11.52it/s]
Segmentation [eval]: 100%|██████████| 108/108 [00:04<00:00, 21.90it/s]
Finetune epoch 13: train_loss=0.1788 loss=0.3983 mean_dice=0.6175 ET=0.5675 NET=0.6288 CC=0.6454 ED=0.6281
Finetune [train]: 100%|██████████| 97/97 [00:08<00:00, 11.65it/s]
Segmentation [eval]: 100%|██████████| 108/108 [00:05<00:00, 19.60it/s]
Finetune epoch 14: train_loss=0.1691 loss=0.3785 mean_dice=0.5960 ET=0.5779 NET=0.6638 CC=0.6064 ED=0.5359
Finetune [train]: 100%|██████████| 97/97 [00:08<00:00, 11.71it/s]
Segmentation [eval]: 100%|██████████| 108/108 [00:05<00:00, 19.83it/s]
Finetune epoch 15: train_loss=0.1573 loss=0.3938 mean_dice=0.6054 ET=0.5735 NET=0.6194 CC=0.6088 ED=0.6200
Finetune [train]: 100%|██████████| 97/97 [00:08<00:00, 11.77it/s]
Segmentation [eval]: 100%|██████████| 108/108 [00:05<00:00, 18.27it/s]
Finetune epoch 16: train_loss=0.1828 loss=0.3831 mean_dice=0.6186 ET=0.5949 NET=0.6648 CC=0.6072 ED=0.6075
Finetune [train]: 100%|██████████| 97/97 [00:08<00:00, 11.76it/s]
Segmentation [eval]: 100%|██████████| 108/108 [00:05<00:00, 18.15it/s]
Finetune epoch 17: train_loss=0.1655 loss=0.3872 mean_dice=0.6376 ET=0.5957 NET=0.6484 CC=0.6391 ED=0.6672
Finetune [train]: 100%|██████████| 97/97 [00:08<00:00, 11.76it/s]
Segmentation [eval]: 100%|██████████| 108/108 [00:05<00:00, 18.11it/s]
Finetune epoch 18: train_loss=0.1608 loss=0.3872 mean_dice=0.5863 ET=0.5946 NET=0.6306 CC=0.5925 ED=0.5277
Finetune [train]: 100%|██████████| 97/97 [00:08<00:00, 11.77it/s]
Segmentation [eval]: 100%|██████████| 108/108 [00:06<00:00, 18.00it/s]
Finetune epoch 19: train_loss=0.1656 loss=0.4026 mean_dice=0.6008 ET=0.6001 NET=0.6062 CC=0.5892 ED=0.6076
Finetune [train]: 100%|██████████| 97/97 [00:08<00:00, 11.82it/s]
Segmentation [eval]: 100%|██████████| 108/108 [00:06<00:00, 16.81it/s]
Finetune epoch 20: train_loss=0.1601 loss=0.3885 mean_dice=0.6313 ET=0.5852 NET=0.6702 CC=0.5991 ED=0.6709
Finetune [train]: 100%|██████████| 97/97 [00:08<00:00, 11.79it/s]
Segmentation [eval]: 100%|██████████| 108/108 [00:06<00:00, 17.33it/s]
Finetune epoch 21: train_loss=0.1597 loss=0.3836 mean_dice=0.6296 ET=0.5906 NET=0.6661 CC=0.5995 ED=0.6623
Finetune [train]: 100%|██████████| 97/97 [00:08<00:00, 11.75it/s]
Segmentation [eval]: 100%|██████████| 108/108 [00:06<00:00, 17.30it/s]
Finetune epoch 22: train_loss=0.1407 loss=0.3792 mean_dice=0.6249 ET=0.5751 NET=0.6784 CC=0.6177 ED=0.6286
Finetune [train]: 100%|██████████| 97/97 [00:08<00:00, 11.77it/s]
Segmentation [eval]: 100%|██████████| 108/108 [00:06<00:00, 16.97it/s]
Finetune epoch 23: train_loss=0.1451 loss=0.3958 mean_dice=0.6239 ET=0.5498 NET=0.6562 CC=0.6127 ED=0.6769
Finetune [train]: 100%|██████████| 97/97 [00:08<00:00, 11.78it/s]
Segmentation [eval]: 100%|██████████| 108/108 [00:06<00:00, 16.94it/s]
Finetune epoch 24: train_loss=0.1456 loss=0.3875 mean_dice=0.6036 ET=0.5549 NET=0.6589 CC=0.5745 ED=0.6260
Finetune [train]: 100%|██████████| 97/97 [00:08<00:00, 11.75it/s]
Segmentation [eval]: 100%|██████████| 108/108 [00:06<00:00, 17.74it/s]
Finetune epoch 25: train_loss=0.1387 loss=0.3883 mean_dice=0.6354 ET=0.5873 NET=0.6691 CC=0.6291 ED=0.6560
Finetune [train]: 100%|██████████| 97/97 [00:08<00:00, 11.78it/s]
Segmentation [eval]: 100%|██████████| 108/108 [00:06<00:00, 17.72it/s]
Finetune epoch 26: train_loss=0.1303 loss=0.3891 mean_dice=0.5368 ET=0.5683 NET=0.6536 CC=0.5905 ED=0.3347
Finetune [train]: 100%|██████████| 97/97 [00:08<00:00, 11.80it/s]
Segmentation [eval]: 100%|██████████| 108/108 [00:06<00:00, 17.48it/s]
Finetune epoch 27: train_loss=0.1483 loss=0.3989 mean_dice=0.6513 ET=0.6075 NET=0.6421 CC=0.6161 ED=0.7394
Finetune [train]: 100%|██████████| 97/97 [00:08<00:00, 11.83it/s]
Segmentation [eval]: 100%|██████████| 108/108 [00:06<00:00, 17.80it/s]
Finetune epoch 28: train_loss=0.1365 loss=0.3877 mean_dice=0.6004 ET=0.5526 NET=0.6569 CC=0.6240 ED=0.5683
Finetune [train]: 100%|██████████| 97/97 [00:08<00:00, 11.80it/s]
Segmentation [eval]: 100%|██████████| 108/108 [00:06<00:00, 17.34it/s]
Finetune epoch 29: train_loss=0.1598 loss=0.4028 mean_dice=0.6050 ET=0.5777 NET=0.6605 CC=0.6311 ED=0.5507
Finetune [train]: 100%|██████████| 97/97 [00:08<00:00, 11.82it/s]
Segmentation [eval]: 100%|██████████| 108/108 [00:06<00:00, 17.43it/s]
Finetune epoch 30: train_loss=0.1444 loss=0.3942 mean_dice=0.5152 ET=0.5095 NET=0.5710 CC=0.5645 ED=0.4159
Segmentation [eval]: 100%|██████████| 108/108 [02:43<00:00,  1.51s/it]Test metrics: loss=0.4148 mean_dice=0.6889 ET=0.6024 NET=0.7046 CC=0.6976 ED=0.7511
Saved predicted masks to: /content/drive/MyDrive/School/ECE324/code/outputs/ssl_unet2d_colab/test_predictions