Namespace(data_root='/content/drive/MyDrive/School/ECE324/code/data', 
          manifest_csv='/content/drive/MyDrive/School/ECE324/code/ssl_split_manifest_25.csv', 
          in_channels=4, num_classes=5, base=32, batch_size=4, num_workers=2, seed=42, pretrain_epochs=20, 
          finetune_epochs=30, pretrain_lr=0.001, finetune_lr=0.001, w_ce=0.5, w_dice=0.5, mask_ratio=0.5, 
          patch_size=16, pretext_task='cross_modal', 
          output_dir='/content/drive/MyDrive/School/ECE324/code/outputs/ssl_unet2d_colab')

Device: cuda
Pretext task: cross_modal
Dataset sizes: pretrain_train=1969 pretrain_val=429 finetune_train=484 val=429 test=429
Pretrain [train]: 100%|██████████| 493/493 [01:07<00:00,  7.36it/s]
Pretrain [val]: 100%|██████████| 108/108 [00:07<00:00, 14.23it/s]
Pretrain epoch 1: train_loss=0.1931 val_loss=0.1874
Pretrain [train]: 100%|██████████| 493/493 [00:55<00:00,  8.86it/s]
Pretrain [val]: 100%|██████████| 108/108 [00:06<00:00, 16.15it/s]
Pretrain epoch 2: train_loss=0.1619 val_loss=0.1880
Pretrain [train]: 100%|██████████| 493/493 [00:55<00:00,  8.92it/s]
Pretrain [val]: 100%|██████████| 108/108 [00:07<00:00, 15.19it/s]
Pretrain epoch 3: train_loss=0.1479 val_loss=0.1558
Pretrain [train]: 100%|██████████| 493/493 [00:56<00:00,  8.65it/s]
Pretrain [val]: 100%|██████████| 108/108 [00:08<00:00, 12.77it/s]
Pretrain epoch 4: train_loss=0.1384 val_loss=0.1430
Pretrain [train]: 100%|██████████| 493/493 [00:57<00:00,  8.62it/s]
Pretrain [val]: 100%|██████████| 108/108 [00:06<00:00, 16.56it/s]
Pretrain epoch 5: train_loss=0.1319 val_loss=0.1458
Pretrain [train]: 100%|██████████| 493/493 [00:55<00:00,  8.92it/s]
Pretrain [val]: 100%|██████████| 108/108 [00:07<00:00, 14.67it/s]
Pretrain epoch 6: train_loss=0.1279 val_loss=0.1301
Pretrain [train]: 100%|██████████| 493/493 [00:57<00:00,  8.55it/s]
Pretrain [val]: 100%|██████████| 108/108 [00:07<00:00, 13.94it/s]
Pretrain epoch 7: train_loss=0.1242 val_loss=0.1335
Pretrain [train]: 100%|██████████| 493/493 [00:54<00:00,  9.00it/s]
Pretrain [val]: 100%|██████████| 108/108 [00:06<00:00, 16.33it/s]
Pretrain epoch 8: train_loss=0.1195 val_loss=0.1254
Pretrain [train]: 100%|██████████| 493/493 [00:57<00:00,  8.53it/s]
Pretrain [val]: 100%|██████████| 108/108 [00:07<00:00, 14.20it/s]
Pretrain epoch 9: train_loss=0.1181 val_loss=0.1215
Pretrain [train]: 100%|██████████| 493/493 [00:57<00:00,  8.56it/s]
Pretrain [val]: 100%|██████████| 108/108 [00:07<00:00, 13.78it/s]
Pretrain epoch 10: train_loss=0.1158 val_loss=0.1214
Pretrain [train]: 100%|██████████| 493/493 [00:56<00:00,  8.67it/s]
Pretrain [val]: 100%|██████████| 108/108 [00:06<00:00, 17.50it/s]
Pretrain epoch 11: train_loss=0.1133 val_loss=0.1145
Pretrain [train]: 100%|██████████| 493/493 [00:56<00:00,  8.76it/s]
Pretrain [val]: 100%|██████████| 108/108 [00:08<00:00, 13.36it/s]
Pretrain epoch 12: train_loss=0.1116 val_loss=0.1186
Pretrain [train]: 100%|██████████| 493/493 [00:54<00:00,  9.09it/s]
Pretrain [val]: 100%|██████████| 108/108 [00:08<00:00, 13.47it/s]
Pretrain epoch 13: train_loss=0.1114 val_loss=0.1176
Pretrain [train]: 100%|██████████| 493/493 [00:55<00:00,  8.88it/s]
Pretrain [val]: 100%|██████████| 108/108 [00:06<00:00, 16.41it/s]
Pretrain epoch 14: train_loss=0.1096 val_loss=0.1157
Pretrain [train]: 100%|██████████| 493/493 [00:55<00:00,  8.86it/s]
Pretrain [val]: 100%|██████████| 108/108 [00:06<00:00, 16.03it/s]
Pretrain epoch 15: train_loss=0.1081 val_loss=0.1140
Pretrain [train]: 100%|██████████| 493/493 [00:57<00:00,  8.61it/s]
Pretrain [val]: 100%|██████████| 108/108 [00:08<00:00, 13.12it/s]
Pretrain epoch 16: train_loss=0.1066 val_loss=0.1100
Pretrain [train]: 100%|██████████| 493/493 [00:57<00:00,  8.58it/s]
Pretrain [val]: 100%|██████████| 108/108 [00:06<00:00, 16.78it/s]
Pretrain epoch 17: train_loss=0.1063 val_loss=0.1077
Pretrain [train]: 100%|██████████| 493/493 [00:57<00:00,  8.59it/s]
Pretrain [val]: 100%|██████████| 108/108 [00:08<00:00, 13.34it/s]
Pretrain epoch 18: train_loss=0.1051 val_loss=0.1067
Pretrain [train]: 100%|██████████| 493/493 [00:58<00:00,  8.48it/s]
Pretrain [val]: 100%|██████████| 108/108 [00:06<00:00, 16.28it/s]
Pretrain epoch 19: train_loss=0.1044 val_loss=0.1089
Pretrain [train]: 100%|██████████| 493/493 [00:54<00:00,  8.97it/s]
Pretrain [val]: 100%|██████████| 108/108 [00:06<00:00, 16.58it/s]
Pretrain epoch 20: train_loss=0.1036 val_loss=0.1033
Starting supervised fine-tuning on labeled training cases only.
Finetune [train]: 100%|██████████| 121/121 [00:12<00:00,  9.89it/s]
Segmentation [eval]: 100%|██████████| 108/108 [00:06<00:00, 16.49it/s]
Finetune epoch 1: train_loss=0.7564 loss=0.5405 mean_dice=0.6005 ET=0.3968 NET=0.5287 CC=0.6816 ED=0.7949
Finetune [train]: 100%|██████████| 121/121 [00:10<00:00, 11.53it/s]
Segmentation [eval]: 100%|██████████| 108/108 [00:06<00:00, 15.94it/s]
Finetune epoch 2: train_loss=0.4299 loss=0.4368 mean_dice=0.4379 ET=0.4264 NET=0.5900 CC=0.2657 ED=0.4697
Finetune [train]: 100%|██████████| 121/121 [00:10<00:00, 11.65it/s]
Segmentation [eval]: 100%|██████████| 108/108 [00:05<00:00, 18.69it/s]
Finetune epoch 3: train_loss=0.3376 loss=0.4071 mean_dice=0.5391 ET=0.4950 NET=0.6045 CC=0.5669 ED=0.4899
Finetune [train]: 100%|██████████| 121/121 [00:10<00:00, 11.50it/s]
Segmentation [eval]: 100%|██████████| 108/108 [00:05<00:00, 20.44it/s]
Finetune epoch 4: train_loss=0.2785 loss=0.4226 mean_dice=0.4500 ET=0.5859 NET=0.5223 CC=0.5205 ED=0.1714
Finetune [train]: 100%|██████████| 121/121 [00:10<00:00, 11.55it/s]
Segmentation [eval]: 100%|██████████| 108/108 [00:05<00:00, 20.72it/s]
Finetune epoch 5: train_loss=0.2548 loss=0.4415 mean_dice=0.5585 ET=0.5148 NET=0.5664 CC=0.6337 ED=0.5190
Finetune [train]: 100%|██████████| 121/121 [00:10<00:00, 11.47it/s]
Segmentation [eval]: 100%|██████████| 108/108 [00:05<00:00, 21.33it/s]
Finetune epoch 6: train_loss=0.2287 loss=0.3878 mean_dice=0.5785 ET=0.5995 NET=0.6418 CC=0.6111 ED=0.4616
Finetune [train]: 100%|██████████| 121/121 [00:10<00:00, 11.55it/s]
Segmentation [eval]: 100%|██████████| 108/108 [00:05<00:00, 20.87it/s]
Finetune epoch 7: train_loss=0.2104 loss=0.3781 mean_dice=0.5849 ET=0.6220 NET=0.6683 CC=0.6190 ED=0.4301
Finetune [train]: 100%|██████████| 121/121 [00:10<00:00, 11.37it/s]
Segmentation [eval]: 100%|██████████| 108/108 [00:05<00:00, 21.04it/s]
Finetune epoch 8: train_loss=0.1976 loss=0.3823 mean_dice=0.6101 ET=0.6401 NET=0.6697 CC=0.6312 ED=0.4995
Finetune [train]: 100%|██████████| 121/121 [00:12<00:00,  9.76it/s]
Segmentation [eval]: 100%|██████████| 108/108 [00:06<00:00, 17.71it/s]
Finetune epoch 9: train_loss=0.1890 loss=0.3758 mean_dice=0.6161 ET=0.6350 NET=0.6567 CC=0.6004 ED=0.5722
Finetune [train]: 100%|██████████| 121/121 [00:10<00:00, 11.34it/s]
Segmentation [eval]: 100%|██████████| 108/108 [00:08<00:00, 12.03it/s]
Finetune epoch 10: train_loss=0.1932 loss=0.3925 mean_dice=0.6003 ET=0.5983 NET=0.6756 CC=0.6287 ED=0.4987
Finetune [train]: 100%|██████████| 121/121 [00:10<00:00, 11.39it/s]
Segmentation [eval]: 100%|██████████| 108/108 [00:05<00:00, 20.51it/s]
Finetune epoch 11: train_loss=0.1670 loss=0.3934 mean_dice=0.6053 ET=0.6158 NET=0.6688 CC=0.5407 ED=0.5960
Finetune [train]: 100%|██████████| 121/121 [00:10<00:00, 11.47it/s]
Segmentation [eval]: 100%|██████████| 108/108 [00:05<00:00, 20.74it/s]
Finetune epoch 12: train_loss=0.1666 loss=0.3863 mean_dice=0.5702 ET=0.6062 NET=0.6810 CC=0.6203 ED=0.3732
Finetune [train]: 100%|██████████| 121/121 [00:10<00:00, 11.40it/s]
Segmentation [eval]: 100%|██████████| 108/108 [00:05<00:00, 21.17it/s]
Finetune epoch 13: train_loss=0.1653 loss=0.3772 mean_dice=0.6279 ET=0.6089 NET=0.6641 CC=0.5932 ED=0.6455
Finetune [train]: 100%|██████████| 121/121 [00:12<00:00,  9.79it/s]
Segmentation [eval]: 100%|██████████| 108/108 [00:05<00:00, 19.46it/s]
Finetune epoch 14: train_loss=0.1730 loss=0.4072 mean_dice=0.5878 ET=0.5542 NET=0.6215 CC=0.5756 ED=0.5997
Finetune [train]: 100%|██████████| 121/121 [00:10<00:00, 11.30it/s]
Segmentation [eval]: 100%|██████████| 108/108 [00:05<00:00, 19.56it/s]
Finetune epoch 15: train_loss=0.1511 loss=0.3762 mean_dice=0.5991 ET=0.6035 NET=0.6473 CC=0.5977 ED=0.5479
Finetune [train]: 100%|██████████| 121/121 [00:10<00:00, 11.56it/s]
Segmentation [eval]: 100%|██████████| 108/108 [00:06<00:00, 17.36it/s]
Finetune epoch 16: train_loss=0.1525 loss=0.3905 mean_dice=0.6037 ET=0.5844 NET=0.6640 CC=0.6319 ED=0.5345
Finetune [train]: 100%|██████████| 121/121 [00:10<00:00, 11.53it/s]
Segmentation [eval]: 100%|██████████| 108/108 [00:06<00:00, 16.71it/s]
Finetune epoch 17: train_loss=0.1540 loss=0.3783 mean_dice=0.5994 ET=0.5865 NET=0.6542 CC=0.6479 ED=0.5090
Finetune [train]: 100%|██████████| 121/121 [00:10<00:00, 11.66it/s]
Segmentation [eval]: 100%|██████████| 108/108 [00:06<00:00, 17.73it/s]
Finetune epoch 18: train_loss=0.1453 loss=0.3832 mean_dice=0.5812 ET=0.6260 NET=0.6450 CC=0.5932 ED=0.4607
Finetune [train]: 100%|██████████| 121/121 [00:10<00:00, 11.53it/s]
Segmentation [eval]: 100%|██████████| 108/108 [00:05<00:00, 19.96it/s]
Finetune epoch 19: train_loss=0.1523 loss=0.3817 mean_dice=0.6321 ET=0.6225 NET=0.6702 CC=0.6465 ED=0.5890
Finetune [train]: 100%|██████████| 121/121 [00:10<00:00, 11.35it/s]
Segmentation [eval]: 100%|██████████| 108/108 [00:07<00:00, 14.77it/s]
Finetune epoch 20: train_loss=0.1416 loss=0.3810 mean_dice=0.6064 ET=0.5842 NET=0.6822 CC=0.6420 ED=0.5171
Finetune [train]: 100%|██████████| 121/121 [00:10<00:00, 11.50it/s]
Segmentation [eval]: 100%|██████████| 108/108 [00:05<00:00, 20.58it/s]
Finetune epoch 21: train_loss=0.1449 loss=0.3860 mean_dice=0.6076 ET=0.6080 NET=0.6341 CC=0.6553 ED=0.5329
Finetune [train]: 100%|██████████| 121/121 [00:10<00:00, 11.48it/s]
Segmentation [eval]: 100%|██████████| 108/108 [00:05<00:00, 21.16it/s]
Finetune epoch 22: train_loss=0.1398 loss=0.3853 mean_dice=0.5903 ET=0.5918 NET=0.6861 CC=0.6437 ED=0.4398
Finetune [train]: 100%|██████████| 121/121 [00:10<00:00, 11.48it/s]
Segmentation [eval]: 100%|██████████| 108/108 [00:05<00:00, 20.51it/s]
Finetune epoch 23: train_loss=0.1460 loss=0.3841 mean_dice=0.6244 ET=0.6118 NET=0.6652 CC=0.6496 ED=0.5710
Finetune [train]: 100%|██████████| 121/121 [00:10<00:00, 11.43it/s]
Segmentation [eval]: 100%|██████████| 108/108 [00:05<00:00, 18.71it/s]
Finetune epoch 24: train_loss=0.1529 loss=0.3852 mean_dice=0.6006 ET=0.5949 NET=0.6527 CC=0.6194 ED=0.5354
Finetune [train]: 100%|██████████| 121/121 [00:10<00:00, 11.58it/s]
Segmentation [eval]: 100%|██████████| 108/108 [00:06<00:00, 16.50it/s]
Finetune epoch 25: train_loss=0.1431 loss=0.3886 mean_dice=0.6294 ET=0.5881 NET=0.6579 CC=0.6201 ED=0.6516
Finetune [train]: 100%|██████████| 121/121 [00:10<00:00, 11.72it/s]
Segmentation [eval]: 100%|██████████| 108/108 [00:06<00:00, 16.55it/s]
Finetune epoch 26: train_loss=0.1410 loss=0.3779 mean_dice=0.6078 ET=0.6034 NET=0.6655 CC=0.5638 ED=0.5984
Finetune [train]: 100%|██████████| 121/121 [00:10<00:00, 11.64it/s]
Segmentation [eval]: 100%|██████████| 108/108 [00:05<00:00, 18.72it/s]
Finetune epoch 27: train_loss=0.1449 loss=0.3824 mean_dice=0.6185 ET=0.6314 NET=0.6426 CC=0.6147 ED=0.5853
Finetune [train]: 100%|██████████| 121/121 [00:10<00:00, 11.52it/s]
Segmentation [eval]: 100%|██████████| 108/108 [00:05<00:00, 20.72it/s]
Finetune epoch 28: train_loss=0.1318 loss=0.3767 mean_dice=0.6183 ET=0.6164 NET=0.6568 CC=0.6151 ED=0.5848
Finetune [train]: 100%|██████████| 121/121 [00:10<00:00, 11.35it/s]
Segmentation [eval]: 100%|██████████| 108/108 [00:05<00:00, 21.04it/s]
Finetune epoch 29: train_loss=0.1430 loss=0.3776 mean_dice=0.5924 ET=0.5852 NET=0.6573 CC=0.6216 ED=0.5054
Finetune [train]: 100%|██████████| 121/121 [00:10<00:00, 11.44it/s]
Segmentation [eval]: 100%|██████████| 108/108 [00:05<00:00, 21.28it/s]
Finetune epoch 30: train_loss=0.1363 loss=0.3869 mean_dice=0.6139 ET=0.5990 NET=0.6565 CC=0.6197 ED=0.5804
Segmentation [eval]: 100%|██████████| 108/108 [00:10<00:00,  9.89it/s]Test metrics: loss=0.3954 mean_dice=0.6861 ET=0.6084 NET=0.7408 CC=0.6915 ED=0.7036
Saved predicted masks to: /content/drive/MyDrive/School/ECE324/code/outputs/ssl_unet2d_colab/test_predictions