Namespace(data_root='/content/drive/MyDrive/School/ECE324/code/data', 
          manifest_csv='/content/drive/MyDrive/School/ECE324/code/ssl_split_manifest_15.csv', 
          in_channels=4, num_classes=5, base=32, batch_size=4, num_workers=2, seed=42, pretrain_epochs=20, 
          finetune_epochs=30, pretrain_lr=0.001, finetune_lr=0.001, w_ce=0.5, w_dice=0.5, mask_ratio=0.5, 
          patch_size=16, pretext_task='cross_modal', 
          output_dir='/content/drive/MyDrive/School/ECE324/code/outputs/ssl_unet2d_colab')

Device: cuda
Pretext task: cross_modal
Dataset sizes: pretrain_train=1969 pretrain_val=429 finetune_train=286 val=429 test=429
Pretrain [train]: 100%|██████████| 493/493 [01:06<00:00,  7.47it/s]
Pretrain [val]: 100%|██████████| 108/108 [00:08<00:00, 13.33it/s]
Pretrain epoch 1: train_loss=0.1933 val_loss=0.1901
Pretrain [train]: 100%|██████████| 493/493 [00:55<00:00,  8.89it/s]
Pretrain [val]: 100%|██████████| 108/108 [00:06<00:00, 16.80it/s]
Pretrain epoch 2: train_loss=0.1619 val_loss=0.1652
Pretrain [train]: 100%|██████████| 493/493 [00:57<00:00,  8.61it/s]
Pretrain [val]: 100%|██████████| 108/108 [00:07<00:00, 14.96it/s]
Pretrain epoch 3: train_loss=0.1475 val_loss=0.1501
Pretrain [train]: 100%|██████████| 493/493 [00:56<00:00,  8.74it/s]
Pretrain [val]: 100%|██████████| 108/108 [00:08<00:00, 13.14it/s]
Pretrain epoch 4: train_loss=0.1382 val_loss=0.1402
Pretrain [train]: 100%|██████████| 493/493 [00:57<00:00,  8.56it/s]
Pretrain [val]: 100%|██████████| 108/108 [00:06<00:00, 16.61it/s]
Pretrain epoch 5: train_loss=0.1318 val_loss=0.1417
Pretrain [train]: 100%|██████████| 493/493 [00:55<00:00,  8.86it/s]
Pretrain [val]: 100%|██████████| 108/108 [00:07<00:00, 14.68it/s]
Pretrain epoch 6: train_loss=0.1278 val_loss=0.1290
Pretrain [train]: 100%|██████████| 493/493 [00:57<00:00,  8.59it/s]
Pretrain [val]: 100%|██████████| 108/108 [00:07<00:00, 14.74it/s]
Pretrain epoch 7: train_loss=0.1238 val_loss=0.1332
Pretrain [train]: 100%|██████████| 493/493 [00:55<00:00,  8.88it/s]
Pretrain [val]: 100%|██████████| 108/108 [00:06<00:00, 16.32it/s]
Pretrain epoch 8: train_loss=0.1196 val_loss=0.1252
Pretrain [train]: 100%|██████████| 493/493 [00:58<00:00,  8.41it/s]
Pretrain [val]: 100%|██████████| 108/108 [00:08<00:00, 12.54it/s]
Pretrain epoch 9: train_loss=0.1177 val_loss=0.1257
Pretrain [train]: 100%|██████████| 493/493 [00:55<00:00,  8.96it/s]
Pretrain [val]: 100%|██████████| 108/108 [00:07<00:00, 14.23it/s]
Pretrain epoch 10: train_loss=0.1152 val_loss=0.1245
Pretrain [train]: 100%|██████████| 493/493 [00:57<00:00,  8.52it/s]
Pretrain [val]: 100%|██████████| 108/108 [00:06<00:00, 15.76it/s]
Pretrain epoch 11: train_loss=0.1128 val_loss=0.1136
Pretrain [train]: 100%|██████████| 493/493 [00:57<00:00,  8.52it/s]
Pretrain [val]: 100%|██████████| 108/108 [00:08<00:00, 12.75it/s]
Pretrain epoch 12: train_loss=0.1112 val_loss=0.1240
Pretrain [train]: 100%|██████████| 493/493 [00:54<00:00,  8.97it/s]
Pretrain [val]: 100%|██████████| 108/108 [00:07<00:00, 14.89it/s]
Pretrain epoch 13: train_loss=0.1111 val_loss=0.1173
Pretrain [train]: 100%|██████████| 493/493 [00:55<00:00,  8.91it/s]
Pretrain [val]: 100%|██████████| 108/108 [00:06<00:00, 16.68it/s]
Pretrain epoch 14: train_loss=0.1095 val_loss=0.1153
Pretrain [train]: 100%|██████████| 493/493 [00:54<00:00,  8.97it/s]
Pretrain [val]: 100%|██████████| 108/108 [00:06<00:00, 16.97it/s]
Pretrain epoch 15: train_loss=0.1076 val_loss=0.1129
Pretrain [train]: 100%|██████████| 493/493 [00:57<00:00,  8.62it/s]
Pretrain [val]: 100%|██████████| 108/108 [00:08<00:00, 13.34it/s]
Pretrain epoch 16: train_loss=0.1063 val_loss=0.1100
Pretrain [train]: 100%|██████████| 493/493 [00:57<00:00,  8.59it/s]
Pretrain [val]: 100%|██████████| 108/108 [00:06<00:00, 16.47it/s]
Pretrain epoch 17: train_loss=0.1059 val_loss=0.1085
Pretrain [train]: 100%|██████████| 493/493 [00:57<00:00,  8.58it/s]
Pretrain [val]: 100%|██████████| 108/108 [00:08<00:00, 12.53it/s]
Pretrain epoch 18: train_loss=0.1048 val_loss=0.1057
Pretrain [train]: 100%|██████████| 493/493 [00:58<00:00,  8.48it/s]
Pretrain [val]: 100%|██████████| 108/108 [00:06<00:00, 16.78it/s]
Pretrain epoch 19: train_loss=0.1041 val_loss=0.1092
Pretrain [train]: 100%|██████████| 493/493 [00:55<00:00,  8.87it/s]
Pretrain [val]: 100%|██████████| 108/108 [00:06<00:00, 17.00it/s]
Pretrain epoch 20: train_loss=0.1031 val_loss=0.1049
Starting supervised fine-tuning on labeled training cases only.
Finetune [train]: 100%|██████████| 72/72 [00:06<00:00, 10.61it/s]
Segmentation [eval]: 100%|██████████| 108/108 [00:07<00:00, 15.08it/s]
Finetune epoch 1: train_loss=0.8906 loss=0.6605 mean_dice=0.5794 ET=0.4226 NET=0.5067 CC=0.5959 ED=0.7925
Finetune [train]: 100%|██████████| 72/72 [00:06<00:00, 10.53it/s]
Segmentation [eval]: 100%|██████████| 108/108 [00:05<00:00, 19.50it/s]
Finetune epoch 2: train_loss=0.5409 loss=0.5060 mean_dice=0.5358 ET=0.5008 NET=0.5626 CC=0.6257 ED=0.4539
Finetune [train]: 100%|██████████| 72/72 [00:06<00:00, 11.30it/s]
Segmentation [eval]: 100%|██████████| 108/108 [00:05<00:00, 20.19it/s]
Finetune epoch 3: train_loss=0.4036 loss=0.4800 mean_dice=0.4213 ET=0.3879 NET=0.4268 CC=0.6080 ED=0.2626
Finetune [train]: 100%|██████████| 72/72 [00:06<00:00, 11.59it/s]
Segmentation [eval]: 100%|██████████| 108/108 [00:06<00:00, 16.42it/s]
Finetune epoch 4: train_loss=0.3164 loss=0.4400 mean_dice=0.4939 ET=0.5429 NET=0.5030 CC=0.6308 ED=0.2990
Finetune [train]: 100%|██████████| 72/72 [00:06<00:00, 11.69it/s]
Segmentation [eval]: 100%|██████████| 108/108 [00:06<00:00, 15.89it/s]
Finetune epoch 5: train_loss=0.2606 loss=0.4235 mean_dice=0.5664 ET=0.5294 NET=0.5270 CC=0.6175 ED=0.5919
Finetune [train]: 100%|██████████| 72/72 [00:06<00:00, 11.74it/s]
Segmentation [eval]: 100%|██████████| 108/108 [00:06<00:00, 17.08it/s]
Finetune epoch 6: train_loss=0.2358 loss=0.4152 mean_dice=0.5398 ET=0.5693 NET=0.5112 CC=0.6081 ED=0.4708
Finetune [train]: 100%|██████████| 72/72 [00:06<00:00, 11.35it/s]
Segmentation [eval]: 100%|██████████| 108/108 [00:05<00:00, 19.78it/s]
Finetune epoch 7: train_loss=0.2126 loss=0.4209 mean_dice=0.4876 ET=0.5109 NET=0.5076 CC=0.6037 ED=0.3282
Finetune [train]: 100%|██████████| 72/72 [00:06<00:00, 10.86it/s]
Segmentation [eval]: 100%|██████████| 108/108 [00:05<00:00, 20.33it/s]
Finetune epoch 8: train_loss=0.1894 loss=0.4062 mean_dice=0.5097 ET=0.5951 NET=0.5478 CC=0.5416 ED=0.3544
Finetune [train]: 100%|██████████| 72/72 [00:06<00:00, 11.34it/s]
Segmentation [eval]: 100%|██████████| 108/108 [00:05<00:00, 19.22it/s]
Finetune epoch 9: train_loss=0.1831 loss=0.4203 mean_dice=0.4575 ET=0.5164 NET=0.4594 CC=0.4987 ED=0.3553
Finetune [train]: 100%|██████████| 72/72 [00:06<00:00, 11.61it/s]
Segmentation [eval]: 100%|██████████| 108/108 [00:06<00:00, 16.88it/s]
Finetune epoch 10: train_loss=0.1755 loss=0.4141 mean_dice=0.4728 ET=0.5698 NET=0.4911 CC=0.3704 ED=0.4597
Finetune [train]: 100%|██████████| 72/72 [00:06<00:00, 11.71it/s]
Segmentation [eval]: 100%|██████████| 108/108 [00:06<00:00, 16.00it/s]
Finetune epoch 11: train_loss=0.1906 loss=0.4218 mean_dice=0.4832 ET=0.5323 NET=0.4810 CC=0.6016 ED=0.3178
Finetune [train]: 100%|██████████| 72/72 [00:06<00:00, 11.75it/s]
Segmentation [eval]: 100%|██████████| 108/108 [00:05<00:00, 18.04it/s]
Finetune epoch 12: train_loss=0.1637 loss=0.4015 mean_dice=0.4861 ET=0.5758 NET=0.5546 CC=0.4745 ED=0.3393
Finetune [train]: 100%|██████████| 72/72 [00:06<00:00, 11.32it/s]
Segmentation [eval]: 100%|██████████| 108/108 [00:05<00:00, 20.59it/s]
Finetune epoch 13: train_loss=0.1505 loss=0.4023 mean_dice=0.5189 ET=0.5231 NET=0.5690 CC=0.5761 ED=0.4076
Finetune [train]: 100%|██████████| 72/72 [00:06<00:00, 11.24it/s]
Segmentation [eval]: 100%|██████████| 108/108 [00:05<00:00, 20.64it/s]
Finetune epoch 14: train_loss=0.1500 loss=0.4100 mean_dice=0.5166 ET=0.5794 NET=0.5606 CC=0.6079 ED=0.3183
Finetune [train]: 100%|██████████| 72/72 [00:06<00:00, 11.42it/s]
Segmentation [eval]: 100%|██████████| 108/108 [00:05<00:00, 18.16it/s]
Finetune epoch 15: train_loss=0.1469 loss=0.4034 mean_dice=0.5407 ET=0.5501 NET=0.5709 CC=0.5872 ED=0.4547
Finetune [train]: 100%|██████████| 72/72 [00:06<00:00, 11.69it/s]
Segmentation [eval]: 100%|██████████| 108/108 [00:07<00:00, 15.37it/s]
Finetune epoch 16: train_loss=0.1426 loss=0.4057 mean_dice=0.4815 ET=0.5178 NET=0.5458 CC=0.6063 ED=0.2561
Finetune [train]: 100%|██████████| 72/72 [00:06<00:00, 11.71it/s]
Segmentation [eval]: 100%|██████████| 108/108 [00:06<00:00, 15.91it/s]
Finetune epoch 17: train_loss=0.1338 loss=0.3915 mean_dice=0.5130 ET=0.5597 NET=0.5803 CC=0.5096 ED=0.4023
Finetune [train]: 100%|██████████| 72/72 [00:06<00:00, 11.75it/s]
Segmentation [eval]: 100%|██████████| 108/108 [00:05<00:00, 18.67it/s]
Finetune epoch 18: train_loss=0.1345 loss=0.4387 mean_dice=0.5165 ET=0.5399 NET=0.5133 CC=0.6016 ED=0.4113
Finetune [train]: 100%|██████████| 72/72 [00:06<00:00, 11.29it/s]
Segmentation [eval]: 100%|██████████| 108/108 [00:05<00:00, 20.81it/s]
Finetune epoch 19: train_loss=0.1404 loss=0.3987 mean_dice=0.5435 ET=0.6083 NET=0.5768 CC=0.5924 ED=0.3966
Finetune [train]: 100%|██████████| 72/72 [00:06<00:00, 11.12it/s]
Segmentation [eval]: 100%|██████████| 108/108 [00:05<00:00, 20.96it/s]
Finetune epoch 20: train_loss=0.1160 loss=0.4115 mean_dice=0.5648 ET=0.5633 NET=0.5673 CC=0.6261 ED=0.5026
Finetune [train]: 100%|██████████| 72/72 [00:06<00:00, 11.16it/s]
Segmentation [eval]: 100%|██████████| 108/108 [00:05<00:00, 18.63it/s]
Finetune epoch 21: train_loss=0.1388 loss=0.3971 mean_dice=0.5976 ET=0.5907 NET=0.6021 CC=0.6396 ED=0.5581
Finetune [train]: 100%|██████████| 72/72 [00:06<00:00, 11.06it/s]
Segmentation [eval]: 100%|██████████| 108/108 [00:08<00:00, 12.15it/s]
Finetune epoch 22: train_loss=0.1266 loss=0.4082 mean_dice=0.5306 ET=0.5627 NET=0.5498 CC=0.5841 ED=0.4258
Finetune [train]: 100%|██████████| 72/72 [00:06<00:00, 11.67it/s]
Segmentation [eval]: 100%|██████████| 108/108 [00:06<00:00, 17.38it/s]
Finetune epoch 23: train_loss=0.1245 loss=0.3890 mean_dice=0.5377 ET=0.5695 NET=0.6224 CC=0.5673 ED=0.3915
Finetune [train]: 100%|██████████| 72/72 [00:06<00:00, 11.68it/s]
Segmentation [eval]: 100%|██████████| 108/108 [00:06<00:00, 15.98it/s]
Finetune epoch 24: train_loss=0.1200 loss=0.4145 mean_dice=0.5291 ET=0.5460 NET=0.5510 CC=0.5963 ED=0.4230
Finetune [train]: 100%|██████████| 72/72 [00:06<00:00, 11.68it/s]
Segmentation [eval]: 100%|██████████| 108/108 [00:06<00:00, 16.54it/s]
Finetune epoch 25: train_loss=0.1152 loss=0.4046 mean_dice=0.5058 ET=0.5400 NET=0.5602 CC=0.5704 ED=0.3524
Finetune [train]: 100%|██████████| 72/72 [00:06<00:00, 11.45it/s]
Segmentation [eval]: 100%|██████████| 108/108 [00:05<00:00, 20.65it/s]
Finetune epoch 26: train_loss=0.1233 loss=0.3982 mean_dice=0.5258 ET=0.5755 NET=0.5942 CC=0.5900 ED=0.3435
Finetune [train]: 100%|██████████| 72/72 [00:06<00:00, 11.11it/s]
Segmentation [eval]: 100%|██████████| 108/108 [00:05<00:00, 21.03it/s]
Finetune epoch 27: train_loss=0.1192 loss=0.3981 mean_dice=0.5243 ET=0.5464 NET=0.6122 CC=0.5799 ED=0.3587
Finetune [train]: 100%|██████████| 72/72 [00:06<00:00, 11.40it/s]
Segmentation [eval]: 100%|██████████| 108/108 [00:05<00:00, 19.60it/s]
Finetune epoch 28: train_loss=0.1183 loss=0.3957 mean_dice=0.5519 ET=0.5524 NET=0.6236 CC=0.5777 ED=0.4540
Finetune [train]: 100%|██████████| 72/72 [00:06<00:00, 11.72it/s]
Segmentation [eval]: 100%|██████████| 108/108 [00:06<00:00, 16.45it/s]
Finetune epoch 29: train_loss=0.1132 loss=0.3969 mean_dice=0.5147 ET=0.5538 NET=0.5745 CC=0.5795 ED=0.3511
Finetune [train]: 100%|██████████| 72/72 [00:06<00:00, 11.75it/s]
Segmentation [eval]: 100%|██████████| 108/108 [00:06<00:00, 16.40it/s]
Finetune epoch 30: train_loss=0.1242 loss=0.3955 mean_dice=0.5574 ET=0.5782 NET=0.6251 CC=0.5763 ED=0.4499
Segmentation [eval]: 100%|██████████| 108/108 [00:10<00:00, 10.52it/s]
Test metrics: loss=0.3967 mean_dice=0.6259 ET=0.5854 NET=0.6713 CC=0.5858 ED=0.6610
Saved predicted masks to: /content/drive/MyDrive/School/ECE324/code/outputs/ssl_unet2d_colab/test_predictions